20180731 15:50:43.690 | INFO  | Robot Framework 3.0.4 (Python 3.6.5 on linux)
20180731 15:50:43.690 | INFO  | Arguments: cases/requests.robot
20180731 15:50:43.691 | INFO  | Settings:
ConsoleColors: AUTO
ConsoleMarkers: AUTO
ConsoleType: verbose
ConsoleTypeDotted: False
ConsoleTypeQuiet: False
ConsoleWidth: 78
Critical: None
DebugFile: None
Doc: None
DryRun: False
Exclude: []
ExitOnError: False
ExitOnFailure: False
Extension: None
FlattenKeywords: []
Include: []
Listeners: []
Log: log.html
LogLevel: DEBUG
LogTitle: None
Metadata: []
Name: None
NonCritical: None
Output: output.xml
OutputDir: /home/ralph/environments/RobotFramework/restframework_automation/results
PreRebotModifiers: []
PreRunModifiers: []
Randomize: NONE
ReRunFailed: []
ReRunFailedSuites: []
RemoveKeywords: []
Report: report.html
ReportBackground: ('#9e9', '#9e9', '#f66')
ReportTitle: None
RunEmptySuite: False
SetTag: []
SkipTeardownOnExit: False
SplitLog: False
StatusRC: True
StdErr: None
StdOut: None
SuiteNames: []
SuiteStatLevel: -1
TagDoc: []
TagStatCombine: []
TagStatExclude: []
TagStatInclude: []
TagStatLink: []
TestNames: []
TimestampOutputs: False
VariableFiles: []
Variables: []
VisibleLogLevel: INFO
WarnOnSkipped: False
XUnit: None
XUnitSkipNonCritical: False
20180731 15:50:43.691 | INFO  | Parsing file '/home/ralph/environments/RobotFramework/restframework_automation/cases/requests.robot'.
20180731 15:50:43.698 | INFO  | No debug file
20180731 15:50:43.699 | INFO  | Initializing namespace for test suite 'Requests'
20180731 15:50:43.707 | INFO  | Imported test library class 'robot.libraries.BuiltIn' from '/home/ralph/environments/my_env/lib/python3.6/site-packages/robot/libraries/BuiltIn.py'.
20180731 15:50:43.709 | INFO  | Adding keyword 'ROBOT_LIBRARY_SCOPE' to library 'BuiltIn' failed: Not a method or function
20180731 15:50:43.709 | INFO  | Adding keyword 'ROBOT_LIBRARY_VERSION' to library 'BuiltIn' failed: Not a method or function
20180731 15:50:43.709 | DEBUG | Created keyword 'Call Method'
20180731 15:50:43.709 | DEBUG | Created keyword 'Catenate'
20180731 15:50:43.709 | DEBUG | Created keyword 'Comment'
20180731 15:50:43.710 | DEBUG | Created keyword 'Continue For Loop'
20180731 15:50:43.710 | DEBUG | Created keyword 'Continue For Loop If'
20180731 15:50:43.710 | DEBUG | Created keyword 'Convert To Binary'
20180731 15:50:43.710 | DEBUG | Created keyword 'Convert To Boolean'
20180731 15:50:43.710 | DEBUG | Created keyword 'Convert To Bytes'
20180731 15:50:43.710 | DEBUG | Created keyword 'Convert To Hex'
20180731 15:50:43.711 | DEBUG | Created keyword 'Convert To Integer'
20180731 15:50:43.711 | DEBUG | Created keyword 'Convert To Number'
20180731 15:50:43.711 | DEBUG | Created keyword 'Convert To Octal'
20180731 15:50:43.711 | DEBUG | Created keyword 'Convert To String'
20180731 15:50:43.712 | DEBUG | Created keyword 'Create Dictionary'
20180731 15:50:43.712 | DEBUG | Created keyword 'Create List'
20180731 15:50:43.712 | DEBUG | Created keyword 'Evaluate'
20180731 15:50:43.712 | DEBUG | Created keyword 'Exit For Loop'
20180731 15:50:43.712 | DEBUG | Created keyword 'Exit For Loop If'
20180731 15:50:43.712 | DEBUG | Created keyword 'Fail'
20180731 15:50:43.713 | DEBUG | Created keyword 'Fatal Error'
20180731 15:50:43.713 | DEBUG | Created keyword 'Get Count'
20180731 15:50:43.713 | DEBUG | Created keyword 'Get Length'
20180731 15:50:43.713 | DEBUG | Created keyword 'Get Library Instance'
20180731 15:50:43.713 | DEBUG | Created keyword 'Get Time'
20180731 15:50:43.713 | DEBUG | Created keyword 'Get Variable Value'
20180731 15:50:43.714 | DEBUG | Created keyword 'Get Variables'
20180731 15:50:43.714 | DEBUG | Created keyword 'Import Library'
20180731 15:50:43.714 | DEBUG | Created keyword 'Import Resource'
20180731 15:50:43.714 | DEBUG | Created keyword 'Import Variables'
20180731 15:50:43.714 | DEBUG | Created keyword 'Keyword Should Exist'
20180731 15:50:43.714 | DEBUG | Created keyword 'Length Should Be'
20180731 15:50:43.714 | DEBUG | Created keyword 'Log'
20180731 15:50:43.715 | DEBUG | Created keyword 'Log Many'
20180731 15:50:43.715 | DEBUG | Created keyword 'Log To Console'
20180731 15:50:43.715 | DEBUG | Created keyword 'Log Variables'
20180731 15:50:43.715 | DEBUG | Created keyword 'No Operation'
20180731 15:50:43.715 | DEBUG | Created keyword 'Pass Execution'
20180731 15:50:43.715 | DEBUG | Created keyword 'Pass Execution If'
20180731 15:50:43.715 | DEBUG | Created keyword 'Regexp Escape'
20180731 15:50:43.716 | DEBUG | Created keyword 'Reload Library'
20180731 15:50:43.716 | DEBUG | Created keyword 'Remove Tags'
20180731 15:50:43.716 | DEBUG | Created keyword 'Repeat Keyword'
20180731 15:50:43.716 | DEBUG | Created keyword 'Replace Variables'
20180731 15:50:43.716 | DEBUG | Created keyword 'Return From Keyword'
20180731 15:50:43.716 | DEBUG | Created keyword 'Return From Keyword If'
20180731 15:50:43.716 | DEBUG | Created keyword 'Run Keyword'
20180731 15:50:43.717 | DEBUG | Created keyword 'Run Keyword And Continue On Failure'
20180731 15:50:43.717 | DEBUG | Created keyword 'Run Keyword And Expect Error'
20180731 15:50:43.717 | DEBUG | Created keyword 'Run Keyword And Ignore Error'
20180731 15:50:43.717 | DEBUG | Created keyword 'Run Keyword And Return'
20180731 15:50:43.717 | DEBUG | Created keyword 'Run Keyword And Return If'
20180731 15:50:43.718 | DEBUG | Created keyword 'Run Keyword And Return Status'
20180731 15:50:43.718 | DEBUG | Created keyword 'Run Keyword If'
20180731 15:50:43.718 | DEBUG | Created keyword 'Run Keyword If All Critical Tests Passed'
20180731 15:50:43.718 | DEBUG | Created keyword 'Run Keyword If All Tests Passed'
20180731 15:50:43.718 | DEBUG | Created keyword 'Run Keyword If Any Critical Tests Failed'
20180731 15:50:43.718 | DEBUG | Created keyword 'Run Keyword If Any Tests Failed'
20180731 15:50:43.718 | DEBUG | Created keyword 'Run Keyword If Test Failed'
20180731 15:50:43.719 | DEBUG | Created keyword 'Run Keyword If Test Passed'
20180731 15:50:43.719 | DEBUG | Created keyword 'Run Keyword If Timeout Occurred'
20180731 15:50:43.719 | DEBUG | Created keyword 'Run Keyword Unless'
20180731 15:50:43.719 | DEBUG | Created keyword 'Run Keywords'
20180731 15:50:43.719 | DEBUG | Created keyword 'Set Global Variable'
20180731 15:50:43.719 | DEBUG | Created keyword 'Set Library Search Order'
20180731 15:50:43.720 | DEBUG | Created keyword 'Set Log Level'
20180731 15:50:43.720 | DEBUG | Created keyword 'Set Suite Documentation'
20180731 15:50:43.720 | DEBUG | Created keyword 'Set Suite Metadata'
20180731 15:50:43.720 | DEBUG | Created keyword 'Set Suite Variable'
20180731 15:50:43.720 | DEBUG | Created keyword 'Set Tags'
20180731 15:50:43.721 | DEBUG | Created keyword 'Set Test Documentation'
20180731 15:50:43.721 | DEBUG | Created keyword 'Set Test Message'
20180731 15:50:43.721 | DEBUG | Created keyword 'Set Test Variable'
20180731 15:50:43.721 | DEBUG | Created keyword 'Set Variable'
20180731 15:50:43.722 | DEBUG | Created keyword 'Set Variable If'
20180731 15:50:43.722 | DEBUG | Created keyword 'Should Be Empty'
20180731 15:50:43.722 | DEBUG | Created keyword 'Should Be Equal'
20180731 15:50:43.723 | DEBUG | Created keyword 'Should Be Equal As Integers'
20180731 15:50:43.724 | DEBUG | Created keyword 'Should Be Equal As Numbers'
20180731 15:50:43.724 | DEBUG | Created keyword 'Should Be Equal As Strings'
20180731 15:50:43.724 | DEBUG | Created keyword 'Should Be True'
20180731 15:50:43.724 | DEBUG | Created keyword 'Should Contain'
20180731 15:50:43.724 | DEBUG | Created keyword 'Should Contain Any'
20180731 15:50:43.724 | DEBUG | Created keyword 'Should Contain X Times'
20180731 15:50:43.725 | DEBUG | Created keyword 'Should End With'
20180731 15:50:43.725 | DEBUG | Created keyword 'Should Match'
20180731 15:50:43.725 | DEBUG | Created keyword 'Should Match Regexp'
20180731 15:50:43.725 | DEBUG | Created keyword 'Should Not Be Empty'
20180731 15:50:43.725 | DEBUG | Created keyword 'Should Not Be Equal'
20180731 15:50:43.725 | DEBUG | Created keyword 'Should Not Be Equal As Integers'
20180731 15:50:43.726 | DEBUG | Created keyword 'Should Not Be Equal As Numbers'
20180731 15:50:43.726 | DEBUG | Created keyword 'Should Not Be Equal As Strings'
20180731 15:50:43.726 | DEBUG | Created keyword 'Should Not Be True'
20180731 15:50:43.726 | DEBUG | Created keyword 'Should Not Contain'
20180731 15:50:43.726 | DEBUG | Created keyword 'Should Not Contain Any'
20180731 15:50:43.726 | DEBUG | Created keyword 'Should Not End With'
20180731 15:50:43.727 | DEBUG | Created keyword 'Should Not Match'
20180731 15:50:43.727 | DEBUG | Created keyword 'Should Not Match Regexp'
20180731 15:50:43.727 | DEBUG | Created keyword 'Should Not Start With'
20180731 15:50:43.727 | DEBUG | Created keyword 'Should Start With'
20180731 15:50:43.727 | DEBUG | Created keyword 'Sleep'
20180731 15:50:43.727 | DEBUG | Created keyword 'Variable Should Exist'
20180731 15:50:43.727 | DEBUG | Created keyword 'Variable Should Not Exist'
20180731 15:50:43.728 | DEBUG | Created keyword 'Wait Until Keyword Succeeds'
20180731 15:50:43.728 | INFO  | Imported library 'BuiltIn' with arguments [ ] (version 3.0.4, class type, global scope, 103 keywords)
20180731 15:50:43.728 | INFO  | Imported test library class 'robot.libraries.Reserved' from '/home/ralph/environments/my_env/lib/python3.6/site-packages/robot/libraries/Reserved.py'.
20180731 15:50:43.729 | DEBUG | Created keyword 'For'
20180731 15:50:43.729 | DEBUG | Created keyword 'While'
20180731 15:50:43.729 | DEBUG | Created keyword 'Break'
20180731 15:50:43.730 | DEBUG | Created keyword 'Continue'
20180731 15:50:43.730 | DEBUG | Created keyword 'End'
20180731 15:50:43.730 | DEBUG | Created keyword 'If'
20180731 15:50:43.730 | DEBUG | Created keyword 'Else'
20180731 15:50:43.730 | DEBUG | Created keyword 'Elif'
20180731 15:50:43.730 | DEBUG | Created keyword 'Else If'
20180731 15:50:43.731 | DEBUG | Created keyword 'Return'
20180731 15:50:43.731 | INFO  | Imported library 'Reserved' with arguments [ ] (version <unknown>, dynamic type, global scope, 10 keywords)
20180731 15:50:43.731 | INFO  | Imported test library module 'robot.libraries.Easter' from '/home/ralph/environments/my_env/lib/python3.6/site-packages/robot/libraries/Easter.py'.
20180731 15:50:43.731 | INFO  | Adding keyword 'logger' to library 'Easter' failed: Not a method or function
20180731 15:50:43.731 | DEBUG | Created keyword 'None Shall Pass'
20180731 15:50:43.732 | INFO  | Imported library 'Easter' with arguments [ ] (version <unknown>, module type, global scope, 1 keywords)
20180731 15:50:43.732 | INFO  | Parsing file '/home/ralph/environments/RobotFramework/restframework_automation/resources.robot'.
20180731 15:50:43.732 | INFO  | Imported resource file '/home/ralph/environments/RobotFramework/restframework_automation/resources.robot' (0 keywords).
20180731 15:50:43.733 | INFO  | Parsing file '/home/ralph/environments/RobotFramework/restframework_automation/keywords/given.robot'.
20180731 15:50:43.733 | INFO  | Imported resource file '/home/ralph/environments/RobotFramework/restframework_automation/keywords/given.robot' (2 keywords).
20180731 15:50:43.735 | INFO  | Resource file '/home/ralph/environments/RobotFramework/restframework_automation/resources.robot' already imported by suite 'Requests'
20180731 15:50:43.735 | INFO  | Imported test library class 'robot.libraries.BuiltIn' from '/home/ralph/environments/my_env/lib/python3.6/site-packages/robot/libraries/BuiltIn.py'.
20180731 15:50:43.735 | INFO  | Found test library 'BuiltIn' with arguments [ ] from cache
20180731 15:50:43.735 | INFO  | Test library 'BuiltIn' already imported by suite 'Requests'
20180731 15:50:43.735 | INFO  | Parsing file '/home/ralph/environments/RobotFramework/restframework_automation/keywords/when.robot'.
20180731 15:50:43.739 | INFO  | Imported resource file '/home/ralph/environments/RobotFramework/restframework_automation/keywords/when.robot' (9 keywords).
20180731 15:50:43.740 | INFO  | Resource file '/home/ralph/environments/RobotFramework/restframework_automation/resources.robot' already imported by suite 'Requests'
20180731 15:50:43.798 | INFO  | Imported test library module '/home/ralph/environments/RobotFramework/restframework_automation/libraries/configuration.py' from '/home/ralph/environments/RobotFramework/restframework_automation/libraries/configuration.py'.
20180731 15:50:43.799 | DEBUG | Created keyword 'Get Evaluate Request'
20180731 15:50:43.799 | DEBUG | Created keyword 'Get Request'
20180731 15:50:43.799 | INFO  | Adding keyword 'json' to library 'configuration' failed: Not a method or function
20180731 15:50:43.799 | DEBUG | Created keyword 'Post Request'
20180731 15:50:43.799 | INFO  | Adding keyword 'requests' to library 'configuration' failed: Not a method or function
20180731 15:50:43.799 | INFO  | Imported library '/home/ralph/environments/RobotFramework/restframework_automation/libraries/configuration.py' with arguments [ ] (version <unknown>, module type, global scope, 3 keywords)
20180731 15:50:43.800 | INFO  | Imported test library class 'robot.libraries.Collections' from '/home/ralph/environments/my_env/lib/python3.6/site-packages/robot/libraries/Collections.py'.
20180731 15:50:43.801 | INFO  | Adding keyword 'ROBOT_LIBRARY_SCOPE' to library 'Collections' failed: Not a method or function
20180731 15:50:43.801 | INFO  | Adding keyword 'ROBOT_LIBRARY_VERSION' to library 'Collections' failed: Not a method or function
20180731 15:50:43.801 | DEBUG | Created keyword 'Append To List'
20180731 15:50:43.801 | DEBUG | Created keyword 'Combine Lists'
20180731 15:50:43.802 | DEBUG | Created keyword 'Convert To Dictionary'
20180731 15:50:43.802 | DEBUG | Created keyword 'Convert To List'
20180731 15:50:43.802 | DEBUG | Created keyword 'Copy Dictionary'
20180731 15:50:43.802 | DEBUG | Created keyword 'Copy List'
20180731 15:50:43.802 | DEBUG | Created keyword 'Count Values In List'
20180731 15:50:43.802 | DEBUG | Created keyword 'Dictionaries Should Be Equal'
20180731 15:50:43.803 | DEBUG | Created keyword 'Dictionary Should Contain Item'
20180731 15:50:43.803 | DEBUG | Created keyword 'Dictionary Should Contain Key'
20180731 15:50:43.803 | DEBUG | Created keyword 'Dictionary Should Contain Sub Dictionary'
20180731 15:50:43.803 | DEBUG | Created keyword 'Dictionary Should Contain Value'
20180731 15:50:43.803 | DEBUG | Created keyword 'Dictionary Should Not Contain Key'
20180731 15:50:43.804 | DEBUG | Created keyword 'Dictionary Should Not Contain Value'
20180731 15:50:43.804 | DEBUG | Created keyword 'Get Dictionary Items'
20180731 15:50:43.804 | DEBUG | Created keyword 'Get Dictionary Keys'
20180731 15:50:43.804 | DEBUG | Created keyword 'Get Dictionary Values'
20180731 15:50:43.804 | DEBUG | Created keyword 'Get From Dictionary'
20180731 15:50:43.804 | DEBUG | Created keyword 'Get From List'
20180731 15:50:43.805 | DEBUG | Created keyword 'Get Index From List'
20180731 15:50:43.805 | DEBUG | Created keyword 'Get Match Count'
20180731 15:50:43.805 | DEBUG | Created keyword 'Get Matches'
20180731 15:50:43.805 | DEBUG | Created keyword 'Get Slice From List'
20180731 15:50:43.805 | DEBUG | Created keyword 'Insert Into List'
20180731 15:50:43.806 | DEBUG | Created keyword 'Keep In Dictionary'
20180731 15:50:43.806 | DEBUG | Created keyword 'List Should Contain Sub List'
20180731 15:50:43.806 | DEBUG | Created keyword 'List Should Contain Value'
20180731 15:50:43.806 | DEBUG | Created keyword 'List Should Not Contain Duplicates'
20180731 15:50:43.806 | DEBUG | Created keyword 'List Should Not Contain Value'
20180731 15:50:43.806 | DEBUG | Created keyword 'Lists Should Be Equal'
20180731 15:50:43.807 | DEBUG | Created keyword 'Log Dictionary'
20180731 15:50:43.807 | DEBUG | Created keyword 'Log List'
20180731 15:50:43.807 | DEBUG | Created keyword 'Pop From Dictionary'
20180731 15:50:43.807 | DEBUG | Created keyword 'Remove Duplicates'
20180731 15:50:43.807 | DEBUG | Created keyword 'Remove From Dictionary'
20180731 15:50:43.807 | DEBUG | Created keyword 'Remove From List'
20180731 15:50:43.807 | DEBUG | Created keyword 'Remove Values From List'
20180731 15:50:43.808 | DEBUG | Created keyword 'Reverse List'
20180731 15:50:43.808 | DEBUG | Created keyword 'Set List Value'
20180731 15:50:43.808 | DEBUG | Created keyword 'Set To Dictionary'
20180731 15:50:43.808 | DEBUG | Created keyword 'Should Contain Match'
20180731 15:50:43.809 | DEBUG | Created keyword 'Should Not Contain Match'
20180731 15:50:43.809 | DEBUG | Created keyword 'Sort List'
20180731 15:50:43.809 | INFO  | Imported library 'Collections' with arguments [ ] (version 3.0.4, class type, global scope, 43 keywords)
20180731 15:50:43.810 | INFO  | Imported test library class 'robot.libraries.BuiltIn' from '/home/ralph/environments/my_env/lib/python3.6/site-packages/robot/libraries/BuiltIn.py'.
20180731 15:50:43.810 | INFO  | Found test library 'BuiltIn' with arguments [ ] from cache
20180731 15:50:43.810 | INFO  | Test library 'BuiltIn' already imported by suite 'Requests'
20180731 15:50:43.812 | INFO  | Imported test library class 'robot.libraries.OperatingSystem' from '/home/ralph/environments/my_env/lib/python3.6/site-packages/robot/libraries/OperatingSystem.py'.
20180731 15:50:43.813 | INFO  | Adding keyword 'ROBOT_LIBRARY_SCOPE' to library 'OperatingSystem' failed: Not a method or function
20180731 15:50:43.813 | INFO  | Adding keyword 'ROBOT_LIBRARY_VERSION' to library 'OperatingSystem' failed: Not a method or function
20180731 15:50:43.813 | DEBUG | Created keyword 'Append To Environment Variable'
20180731 15:50:43.814 | DEBUG | Created keyword 'Append To File'
20180731 15:50:43.814 | DEBUG | Created keyword 'Copy Directory'
20180731 15:50:43.814 | DEBUG | Created keyword 'Copy File'
20180731 15:50:43.814 | DEBUG | Created keyword 'Copy Files'
20180731 15:50:43.814 | DEBUG | Created keyword 'Count Directories In Directory'
20180731 15:50:43.814 | DEBUG | Created keyword 'Count Files In Directory'
20180731 15:50:43.814 | DEBUG | Created keyword 'Count Items In Directory'
20180731 15:50:43.815 | DEBUG | Created keyword 'Create Binary File'
20180731 15:50:43.815 | DEBUG | Created keyword 'Create Directory'
20180731 15:50:43.815 | DEBUG | Created keyword 'Create File'
20180731 15:50:43.815 | DEBUG | Created keyword 'Directory Should Be Empty'
20180731 15:50:43.815 | DEBUG | Created keyword 'Directory Should Exist'
20180731 15:50:43.815 | DEBUG | Created keyword 'Directory Should Not Be Empty'
20180731 15:50:43.815 | DEBUG | Created keyword 'Directory Should Not Exist'
20180731 15:50:43.815 | DEBUG | Created keyword 'Empty Directory'
20180731 15:50:43.816 | DEBUG | Created keyword 'Environment Variable Should Be Set'
20180731 15:50:43.816 | DEBUG | Created keyword 'Environment Variable Should Not Be Set'
20180731 15:50:43.816 | DEBUG | Created keyword 'File Should Be Empty'
20180731 15:50:43.816 | DEBUG | Created keyword 'File Should Exist'
20180731 15:50:43.816 | DEBUG | Created keyword 'File Should Not Be Empty'
20180731 15:50:43.816 | DEBUG | Created keyword 'File Should Not Exist'
20180731 15:50:43.816 | DEBUG | Created keyword 'Get Binary File'
20180731 15:50:43.816 | DEBUG | Created keyword 'Get Environment Variable'
20180731 15:50:43.817 | DEBUG | Created keyword 'Get Environment Variables'
20180731 15:50:43.817 | DEBUG | Created keyword 'Get File'
20180731 15:50:43.817 | DEBUG | Created keyword 'Get File Size'
20180731 15:50:43.817 | DEBUG | Created keyword 'Get Modified Time'
20180731 15:50:43.817 | DEBUG | Created keyword 'Grep File'
20180731 15:50:43.817 | DEBUG | Created keyword 'Join Path'
20180731 15:50:43.818 | DEBUG | Created keyword 'Join Paths'
20180731 15:50:43.818 | DEBUG | Created keyword 'List Directories In Directory'
20180731 15:50:43.818 | DEBUG | Created keyword 'List Directory'
20180731 15:50:43.818 | DEBUG | Created keyword 'List Files In Directory'
20180731 15:50:43.818 | DEBUG | Created keyword 'Log Environment Variables'
20180731 15:50:43.818 | DEBUG | Created keyword 'Log File'
20180731 15:50:43.818 | DEBUG | Created keyword 'Move Directory'
20180731 15:50:43.818 | DEBUG | Created keyword 'Move File'
20180731 15:50:43.819 | DEBUG | Created keyword 'Move Files'
20180731 15:50:43.819 | DEBUG | Created keyword 'Normalize Path'
20180731 15:50:43.819 | DEBUG | Created keyword 'Remove Directory'
20180731 15:50:43.819 | DEBUG | Created keyword 'Remove Environment Variable'
20180731 15:50:43.819 | DEBUG | Created keyword 'Remove File'
20180731 15:50:43.819 | DEBUG | Created keyword 'Remove Files'
20180731 15:50:43.819 | DEBUG | Created keyword 'Run'
20180731 15:50:43.820 | DEBUG | Created keyword 'Run And Return Rc'
20180731 15:50:43.820 | DEBUG | Created keyword 'Run And Return Rc And Output'
20180731 15:50:43.820 | DEBUG | Created keyword 'Set Environment Variable'
20180731 15:50:43.820 | DEBUG | Created keyword 'Set Modified Time'
20180731 15:50:43.820 | DEBUG | Created keyword 'Should Exist'
20180731 15:50:43.820 | DEBUG | Created keyword 'Should Not Exist'
20180731 15:50:43.820 | DEBUG | Created keyword 'Split Extension'
20180731 15:50:43.821 | DEBUG | Created keyword 'Split Path'
20180731 15:50:43.821 | DEBUG | Created keyword 'Touch'
20180731 15:50:43.821 | DEBUG | Created keyword 'Wait Until Created'
20180731 15:50:43.821 | DEBUG | Created keyword 'Wait Until Removed'
20180731 15:50:43.821 | INFO  | Imported library 'OperatingSystem' with arguments [ ] (version 3.0.4, class type, global scope, 56 keywords)
20180731 15:50:43.822 | INFO  | Parsing file '/home/ralph/environments/RobotFramework/restframework_automation/keywords/then.robot'.
20180731 15:50:43.823 | INFO  | Imported resource file '/home/ralph/environments/RobotFramework/restframework_automation/keywords/then.robot' (1 keywords).
20180731 15:50:43.824 | INFO  | Resource file '/home/ralph/environments/RobotFramework/restframework_automation/resources.robot' already imported by suite 'Requests'
20180731 15:50:43.824 | INFO  | Imported test library class 'robot.libraries.OperatingSystem' from '/home/ralph/environments/my_env/lib/python3.6/site-packages/robot/libraries/OperatingSystem.py'.
20180731 15:50:43.825 | INFO  | Found test library 'OperatingSystem' with arguments [ ] from cache
20180731 15:50:43.825 | INFO  | Test library 'OperatingSystem' already imported by suite 'Requests'
20180731 15:50:43.825 | INFO  | Started test suite 'Requests'
20180731 15:50:43.826 | INFO  | Started test case 'Get request successful'
20180731 15:50:43.827 | DEBUG | Started keyword 'given.Given a url "http://localhost:8000/v1/diff/6/"'
20180731 15:50:43.827 | DEBUG | Started keyword 'BuiltIn.Set Suite Variable'
20180731 15:50:43.828 | DEBUG | Ended keyword 'BuiltIn.Set Suite Variable'
20180731 15:50:43.828 | DEBUG | Ended keyword 'given.Given a url "http://localhost:8000/v1/diff/6/"'
20180731 15:50:43.829 | DEBUG | Started keyword 'when.When user gets request from url'
20180731 15:50:43.829 | DEBUG | Started keyword 'configuration.Get Request'
20180731 15:50:43.841 | DEBUG | Ended keyword 'configuration.Get Request'
20180731 15:50:43.841 | DEBUG | Started keyword 'BuiltIn.Should Be Equal'
20180731 15:50:43.842 | DEBUG | Ended keyword 'BuiltIn.Should Be Equal'
20180731 15:50:43.842 | DEBUG | Started keyword 'OperatingSystem.Create File'
20180731 15:50:43.842 | DEBUG | Ended keyword 'OperatingSystem.Create File'
20180731 15:50:43.843 | DEBUG | Ended keyword 'when.When user gets request from url'
20180731 15:50:43.843 | DEBUG | Started keyword 'then.Then message "The get request was successful" should have been written to log-file'
20180731 15:50:43.843 | DEBUG | Started keyword 'OperatingSystem.Get File'
20180731 15:50:43.844 | DEBUG | Ended keyword 'OperatingSystem.Get File'
20180731 15:50:43.844 | DEBUG | Started keyword 'BuiltIn.Should Contain'
20180731 15:50:43.845 | DEBUG | Ended keyword 'BuiltIn.Should Contain'
20180731 15:50:43.845 | DEBUG | Started keyword 'OperatingSystem.Grep File'
20180731 15:50:43.846 | DEBUG | Ended keyword 'OperatingSystem.Grep File'
20180731 15:50:43.846 | DEBUG | Started keyword 'BuiltIn.Log Many'
20180731 15:50:43.847 | DEBUG | Ended keyword 'BuiltIn.Log Many'
20180731 15:50:43.847 | DEBUG | Ended keyword 'then.Then message "The get request was successful" should have been written to log-file'
20180731 15:50:43.847 | INFO  | Ended test case 'Get request successful'
20180731 15:50:43.848 | INFO  | Started test case 'Get request invalid url'
20180731 15:50:43.848 | DEBUG | Started keyword 'given.Given a url "http://localhost:8000/v1/dif"'
20180731 15:50:43.848 | DEBUG | Started keyword 'BuiltIn.Set Suite Variable'
20180731 15:50:43.849 | DEBUG | Ended keyword 'BuiltIn.Set Suite Variable'
20180731 15:50:43.849 | DEBUG | Ended keyword 'given.Given a url "http://localhost:8000/v1/dif"'
20180731 15:50:43.849 | DEBUG | Started keyword 'when.When user gets request from a invalid url'
20180731 15:50:43.850 | DEBUG | Started keyword 'configuration.Get Request'
20180731 15:50:43.862 | DEBUG | Ended keyword 'configuration.Get Request'
20180731 15:50:43.863 | DEBUG | Started keyword 'BuiltIn.Should Not Be Equal'
20180731 15:50:43.864 | DEBUG | Ended keyword 'BuiltIn.Should Not Be Equal'
20180731 15:50:43.864 | DEBUG | Started keyword 'OperatingSystem.Create File'
20180731 15:50:43.865 | DEBUG | Ended keyword 'OperatingSystem.Create File'
20180731 15:50:43.866 | DEBUG | Ended keyword 'when.When user gets request from a invalid url'
20180731 15:50:43.866 | DEBUG | Started keyword 'then.Then message "Checks the url name is valid" should have been written to log-file'
20180731 15:50:43.867 | DEBUG | Started keyword 'OperatingSystem.Get File'
20180731 15:50:43.867 | DEBUG | Ended keyword 'OperatingSystem.Get File'
20180731 15:50:43.868 | DEBUG | Started keyword 'BuiltIn.Should Contain'
20180731 15:50:43.868 | DEBUG | Ended keyword 'BuiltIn.Should Contain'
20180731 15:50:43.868 | DEBUG | Started keyword 'OperatingSystem.Grep File'
20180731 15:50:43.869 | DEBUG | Ended keyword 'OperatingSystem.Grep File'
20180731 15:50:43.870 | DEBUG | Started keyword 'BuiltIn.Log Many'
20180731 15:50:43.870 | DEBUG | Ended keyword 'BuiltIn.Log Many'
20180731 15:50:43.870 | DEBUG | Ended keyword 'then.Then message "Checks the url name is valid" should have been written to log-file'
20180731 15:50:43.871 | INFO  | Ended test case 'Get request invalid url'
20180731 15:50:43.872 | INFO  | Started test case 'Get request when do not exist documents'
20180731 15:50:43.873 | DEBUG | Started keyword 'given.Given a url "http://localhost:8000/v1/diff/78/"'
20180731 15:50:43.873 | DEBUG | Started keyword 'BuiltIn.Set Suite Variable'
20180731 15:50:43.874 | DEBUG | Ended keyword 'BuiltIn.Set Suite Variable'
20180731 15:50:43.874 | DEBUG | Ended keyword 'given.Given a url "http://localhost:8000/v1/diff/78/"'
20180731 15:50:43.875 | DEBUG | Started keyword 'when.When user gets request from url without documents on the servers'
20180731 15:50:43.875 | DEBUG | Started keyword 'configuration.Get Request'
20180731 15:50:43.883 | DEBUG | Ended keyword 'configuration.Get Request'
20180731 15:50:43.883 | DEBUG | Started keyword 'Collections.Dictionary Should Contain Key'
20180731 15:50:43.883 | DEBUG | Ended keyword 'Collections.Dictionary Should Contain Key'
20180731 15:50:43.884 | DEBUG | Started keyword 'OperatingSystem.Create File'
20180731 15:50:43.885 | DEBUG | Ended keyword 'OperatingSystem.Create File'
20180731 15:50:43.885 | DEBUG | Ended keyword 'when.When user gets request from url without documents on the servers'
20180731 15:50:43.885 | DEBUG | Started keyword 'then.Then message "Unable compare the documents" should have been written to log-file'
20180731 15:50:43.886 | DEBUG | Started keyword 'OperatingSystem.Get File'
20180731 15:50:43.887 | DEBUG | Ended keyword 'OperatingSystem.Get File'
20180731 15:50:43.887 | DEBUG | Started keyword 'BuiltIn.Should Contain'
20180731 15:50:43.888 | DEBUG | Ended keyword 'BuiltIn.Should Contain'
20180731 15:50:43.889 | DEBUG | Started keyword 'OperatingSystem.Grep File'
20180731 15:50:43.891 | DEBUG | Ended keyword 'OperatingSystem.Grep File'
20180731 15:50:43.891 | DEBUG | Started keyword 'BuiltIn.Log Many'
20180731 15:50:43.892 | DEBUG | Ended keyword 'BuiltIn.Log Many'
20180731 15:50:43.892 | DEBUG | Ended keyword 'then.Then message "Unable compare the documents" should have been written to log-file'
20180731 15:50:43.893 | INFO  | Ended test case 'Get request when do not exist documents'
20180731 15:50:43.893 | INFO  | Started test case 'Post request successful'
20180731 15:50:43.894 | DEBUG | Started keyword 'given.Given a url "http://localhost:8000/v1/diff/7/left/"'
20180731 15:50:43.894 | DEBUG | Started keyword 'BuiltIn.Set Suite Variable'
20180731 15:50:43.895 | DEBUG | Ended keyword 'BuiltIn.Set Suite Variable'
20180731 15:50:43.895 | DEBUG | Ended keyword 'given.Given a url "http://localhost:8000/v1/diff/7/left/"'
20180731 15:50:43.895 | DEBUG | Started keyword 'given.And a json url "{"data":"eyJ0eXAiOiJKV1QiLCJhbGciOiJIUzI1NiJ9.eyJtZXNzYWdlIjoia2FrYXJvdG8ifQ.y9pMhKSRFu9YIc1pxLktUytbg5kk5yJylosXl5erJw0"}"'
20180731 15:50:43.896 | DEBUG | Started keyword 'BuiltIn.Set Suite Variable'
20180731 15:50:43.897 | DEBUG | Ended keyword 'BuiltIn.Set Suite Variable'
20180731 15:50:43.897 | DEBUG | Ended keyword 'given.And a json url "{"data":"eyJ0eXAiOiJKV1QiLCJhbGciOiJIUzI1NiJ9.eyJtZXNzYWdlIjoia2FrYXJvdG8ifQ.y9pMhKSRFu9YIc1pxLktUytbg5kk5yJylosXl5erJw0"}"'
20180731 15:50:43.897 | DEBUG | Started keyword 'when.When user posts request from url'
20180731 15:50:43.898 | DEBUG | Started keyword 'configuration.Post Request'
20180731 15:50:43.973 | DEBUG | Ended keyword 'configuration.Post Request'
20180731 15:50:43.973 | DEBUG | Started keyword 'BuiltIn.Should Be Equal'
20180731 15:50:43.974 | DEBUG | Ended keyword 'BuiltIn.Should Be Equal'
20180731 15:50:43.975 | DEBUG | Started keyword 'OperatingSystem.Create File'
20180731 15:50:43.975 | DEBUG | Ended keyword 'OperatingSystem.Create File'
20180731 15:50:43.976 | DEBUG | Ended keyword 'when.When user posts request from url'
20180731 15:50:43.976 | DEBUG | Started keyword 'then.Then message "The post request was successful" should have been written to log-file'
20180731 15:50:43.976 | DEBUG | Started keyword 'OperatingSystem.Get File'
20180731 15:50:43.977 | DEBUG | Ended keyword 'OperatingSystem.Get File'
20180731 15:50:43.977 | DEBUG | Started keyword 'BuiltIn.Should Contain'
20180731 15:50:43.978 | DEBUG | Ended keyword 'BuiltIn.Should Contain'
20180731 15:50:43.978 | DEBUG | Started keyword 'OperatingSystem.Grep File'
20180731 15:50:43.979 | DEBUG | Ended keyword 'OperatingSystem.Grep File'
20180731 15:50:43.979 | DEBUG | Started keyword 'BuiltIn.Log Many'
20180731 15:50:43.979 | DEBUG | Ended keyword 'BuiltIn.Log Many'
20180731 15:50:43.980 | DEBUG | Ended keyword 'then.Then message "The post request was successful" should have been written to log-file'
20180731 15:50:43.980 | INFO  | Ended test case 'Post request successful'
20180731 15:50:43.985 | INFO  | Started test case 'Post request invalid key'
20180731 15:50:43.985 | DEBUG | Started keyword 'given.Given a url "http://localhost:8000/v1/diff/7/left/"'
20180731 15:50:43.986 | DEBUG | Started keyword 'BuiltIn.Set Suite Variable'
20180731 15:50:43.987 | DEBUG | Ended keyword 'BuiltIn.Set Suite Variable'
20180731 15:50:43.987 | DEBUG | Ended keyword 'given.Given a url "http://localhost:8000/v1/diff/7/left/"'
20180731 15:50:43.988 | DEBUG | Started keyword 'given.And a json url "{"data":"eyJ0eXAiOiJKV1QiLCJhbGciOiJIUzI1NiJ9.eyJsbWFvIjoia2FrYXJvdG8ifQ.PzKS7swGuNH50CCEBqfwQ-ktPSjI5JQ91zeiAgCju6I"}"'
20180731 15:50:43.988 | DEBUG | Started keyword 'BuiltIn.Set Suite Variable'
20180731 15:50:43.989 | DEBUG | Ended keyword 'BuiltIn.Set Suite Variable'
20180731 15:50:43.990 | DEBUG | Ended keyword 'given.And a json url "{"data":"eyJ0eXAiOiJKV1QiLCJhbGciOiJIUzI1NiJ9.eyJsbWFvIjoia2FrYXJvdG8ifQ.PzKS7swGuNH50CCEBqfwQ-ktPSjI5JQ91zeiAgCju6I"}"'
20180731 15:50:43.990 | DEBUG | Started keyword 'when.When user posts request when json key not exist'
20180731 15:50:43.991 | DEBUG | Started keyword 'configuration.Post Request'
20180731 15:50:43.998 | DEBUG | Ended keyword 'configuration.Post Request'
20180731 15:50:43.998 | DEBUG | Started keyword 'Collections.Dictionary Should Contain Key'
20180731 15:50:43.999 | DEBUG | Ended keyword 'Collections.Dictionary Should Contain Key'
20180731 15:50:43.999 | DEBUG | Started keyword 'OperatingSystem.Create File'
20180731 15:50:44.000 | DEBUG | Ended keyword 'OperatingSystem.Create File'
20180731 15:50:44.000 | DEBUG | Ended keyword 'when.When user posts request when json key not exist'
20180731 15:50:44.001 | DEBUG | Started keyword 'then.Then message "Checks the data contains the key 'message'" should have been written to log-file'
20180731 15:50:44.002 | DEBUG | Started keyword 'OperatingSystem.Get File'
20180731 15:50:44.003 | DEBUG | Ended keyword 'OperatingSystem.Get File'
20180731 15:50:44.003 | DEBUG | Started keyword 'BuiltIn.Should Contain'
20180731 15:50:44.004 | DEBUG | Ended keyword 'BuiltIn.Should Contain'
20180731 15:50:44.005 | DEBUG | Started keyword 'OperatingSystem.Grep File'
20180731 15:50:44.008 | DEBUG | Ended keyword 'OperatingSystem.Grep File'
20180731 15:50:44.009 | DEBUG | Started keyword 'BuiltIn.Log Many'
20180731 15:50:44.009 | DEBUG | Ended keyword 'BuiltIn.Log Many'
20180731 15:50:44.010 | DEBUG | Ended keyword 'then.Then message "Checks the data contains the key 'message'" should have been written to log-file'
20180731 15:50:44.010 | INFO  | Ended test case 'Post request invalid key'
20180731 15:50:44.011 | INFO  | Started test case 'Invalid data'
20180731 15:50:44.012 | DEBUG | Started keyword 'given.Given a url "http://localhost:8000/v1/diff/5/left/"'
20180731 15:50:44.012 | DEBUG | Started keyword 'BuiltIn.Set Suite Variable'
20180731 15:50:44.013 | DEBUG | Ended keyword 'BuiltIn.Set Suite Variable'
20180731 15:50:44.014 | DEBUG | Ended keyword 'given.Given a url "http://localhost:8000/v1/diff/5/left/"'
20180731 15:50:44.014 | DEBUG | Started keyword 'given.And a json url "{"data":"dfguhdguehudhgudhgudhkghdfkguhdkuadshaygdtaegdyasgdytasdfeytagvdyuaeg376567trg4fywfvbsjf"}"'
20180731 15:50:44.015 | DEBUG | Started keyword 'BuiltIn.Set Suite Variable'
20180731 15:50:44.015 | DEBUG | Ended keyword 'BuiltIn.Set Suite Variable'
20180731 15:50:44.015 | DEBUG | Ended keyword 'given.And a json url "{"data":"dfguhdguehudhgudhgudhkghdfkguhdkuadshaygdtaegdyasgdytasdfeytagvdyuaeg376567trg4fywfvbsjf"}"'
20180731 15:50:44.015 | DEBUG | Started keyword 'when.When user validates the json key value'
20180731 15:50:44.016 | DEBUG | Started keyword 'configuration.Post Request'
20180731 15:50:44.025 | DEBUG | Ended keyword 'configuration.Post Request'
20180731 15:50:44.025 | DEBUG | Started keyword 'Collections.Dictionary Should Contain Key'
20180731 15:50:44.026 | DEBUG | Ended keyword 'Collections.Dictionary Should Contain Key'
20180731 15:50:44.026 | DEBUG | Started keyword 'OperatingSystem.Create File'
20180731 15:50:44.027 | DEBUG | Ended keyword 'OperatingSystem.Create File'
20180731 15:50:44.027 | DEBUG | Ended keyword 'when.When user validates the json key value'
20180731 15:50:44.028 | DEBUG | Started keyword 'then.Then message "The encoded token could not be verified" should have been written to log-file'
20180731 15:50:44.028 | DEBUG | Started keyword 'OperatingSystem.Get File'
20180731 15:50:44.029 | DEBUG | Ended keyword 'OperatingSystem.Get File'
20180731 15:50:44.029 | DEBUG | Started keyword 'BuiltIn.Should Contain'
20180731 15:50:44.030 | DEBUG | Ended keyword 'BuiltIn.Should Contain'
20180731 15:50:44.030 | DEBUG | Started keyword 'OperatingSystem.Grep File'
20180731 15:50:44.032 | DEBUG | Ended keyword 'OperatingSystem.Grep File'
20180731 15:50:44.032 | DEBUG | Started keyword 'BuiltIn.Log Many'
20180731 15:50:44.033 | DEBUG | Ended keyword 'BuiltIn.Log Many'
20180731 15:50:44.034 | DEBUG | Ended keyword 'then.Then message "The encoded token could not be verified" should have been written to log-file'
20180731 15:50:44.034 | INFO  | Ended test case 'Invalid data'
20180731 15:50:44.036 | INFO  | Started test case 'Validate equals strings'
20180731 15:50:44.037 | DEBUG | Started keyword 'given.Given a url "http://localhost:8000/v1/diff/1/"'
20180731 15:50:44.038 | DEBUG | Started keyword 'BuiltIn.Set Suite Variable'
20180731 15:50:44.039 | DEBUG | Ended keyword 'BuiltIn.Set Suite Variable'
20180731 15:50:44.040 | DEBUG | Ended keyword 'given.Given a url "http://localhost:8000/v1/diff/1/"'
20180731 15:50:44.040 | DEBUG | Started keyword 'when.When equals strings are verified'
20180731 15:50:44.041 | DEBUG | Started keyword 'configuration.Get Evaluate Request'
20180731 15:50:44.062 | DEBUG | Ended keyword 'configuration.Get Evaluate Request'
20180731 15:50:44.062 | DEBUG | Started keyword 'BuiltIn.Should Be Equal'
20180731 15:50:44.062 | DEBUG | Ended keyword 'BuiltIn.Should Be Equal'
20180731 15:50:44.063 | DEBUG | Started keyword 'OperatingSystem.Create File'
20180731 15:50:44.063 | DEBUG | Ended keyword 'OperatingSystem.Create File'
20180731 15:50:44.063 | DEBUG | Ended keyword 'when.When equals strings are verified'
20180731 15:50:44.064 | DEBUG | Started keyword 'then.Then message "The strings are equals" should have been written to log-file'
20180731 15:50:44.065 | DEBUG | Started keyword 'OperatingSystem.Get File'
20180731 15:50:44.066 | DEBUG | Ended keyword 'OperatingSystem.Get File'
20180731 15:50:44.066 | DEBUG | Started keyword 'BuiltIn.Should Contain'
20180731 15:50:44.067 | DEBUG | Ended keyword 'BuiltIn.Should Contain'
20180731 15:50:44.067 | DEBUG | Started keyword 'OperatingSystem.Grep File'
20180731 15:50:44.069 | DEBUG | Ended keyword 'OperatingSystem.Grep File'
20180731 15:50:44.070 | DEBUG | Started keyword 'BuiltIn.Log Many'
20180731 15:50:44.070 | DEBUG | Ended keyword 'BuiltIn.Log Many'
20180731 15:50:44.071 | DEBUG | Ended keyword 'then.Then message "The strings are equals" should have been written to log-file'
20180731 15:50:44.071 | INFO  | Ended test case 'Validate equals strings'
20180731 15:50:44.073 | INFO  | Started test case 'Validate differents strings'
20180731 15:50:44.074 | DEBUG | Started keyword 'given.Given a url "http://localhost:8000/v1/diff/6/"'
20180731 15:50:44.075 | DEBUG | Started keyword 'BuiltIn.Set Suite Variable'
20180731 15:50:44.075 | DEBUG | Ended keyword 'BuiltIn.Set Suite Variable'
20180731 15:50:44.076 | DEBUG | Ended keyword 'given.Given a url "http://localhost:8000/v1/diff/6/"'
20180731 15:50:44.076 | DEBUG | Started keyword 'when.When differents strings are verified'
20180731 15:50:44.077 | DEBUG | Started keyword 'configuration.Get Evaluate Request'
20180731 15:50:44.097 | DEBUG | Ended keyword 'configuration.Get Evaluate Request'
20180731 15:50:44.098 | DEBUG | Started keyword 'BuiltIn.Should Be Equal'
20180731 15:50:44.098 | DEBUG | Ended keyword 'BuiltIn.Should Be Equal'
20180731 15:50:44.098 | DEBUG | Started keyword 'OperatingSystem.Create File'
20180731 15:50:44.099 | DEBUG | Ended keyword 'OperatingSystem.Create File'
20180731 15:50:44.100 | DEBUG | Ended keyword 'when.When differents strings are verified'
20180731 15:50:44.100 | DEBUG | Started keyword 'then.Then message "The strings do not equals" should have been written to log-file'
20180731 15:50:44.101 | DEBUG | Started keyword 'OperatingSystem.Get File'
20180731 15:50:44.102 | DEBUG | Ended keyword 'OperatingSystem.Get File'
20180731 15:50:44.102 | DEBUG | Started keyword 'BuiltIn.Should Contain'
20180731 15:50:44.102 | DEBUG | Ended keyword 'BuiltIn.Should Contain'
20180731 15:50:44.103 | DEBUG | Started keyword 'OperatingSystem.Grep File'
20180731 15:50:44.105 | DEBUG | Ended keyword 'OperatingSystem.Grep File'
20180731 15:50:44.106 | DEBUG | Started keyword 'BuiltIn.Log Many'
20180731 15:50:44.106 | DEBUG | Ended keyword 'BuiltIn.Log Many'
20180731 15:50:44.107 | DEBUG | Ended keyword 'then.Then message "The strings do not equals" should have been written to log-file'
20180731 15:50:44.107 | INFO  | Ended test case 'Validate differents strings'
20180731 15:50:44.108 | INFO  | Started test case 'Post request invalid url'
20180731 15:50:44.109 | DEBUG | Started keyword 'given.Given a url "http://localhost:8000/v1/diff/7/center/"'
20180731 15:50:44.110 | DEBUG | Started keyword 'BuiltIn.Set Suite Variable'
20180731 15:50:44.110 | DEBUG | Ended keyword 'BuiltIn.Set Suite Variable'
20180731 15:50:44.111 | DEBUG | Ended keyword 'given.Given a url "http://localhost:8000/v1/diff/7/center/"'
20180731 15:50:44.111 | DEBUG | Started keyword 'given.And a json url "{"data":"eyJ0eXAiOiJKV1QiLCJhbGciOiJIUzI1NiJ9.eyJsbWFvIjoia2FrYXJvdG8ifQ.PzKS7swGuNH50CCEBqfwQ-ktPSjI5JQ91zeiAgCju6I"}"'
20180731 15:50:44.112 | DEBUG | Started keyword 'BuiltIn.Set Suite Variable'
20180731 15:50:44.113 | DEBUG | Ended keyword 'BuiltIn.Set Suite Variable'
20180731 15:50:44.113 | DEBUG | Ended keyword 'given.And a json url "{"data":"eyJ0eXAiOiJKV1QiLCJhbGciOiJIUzI1NiJ9.eyJsbWFvIjoia2FrYXJvdG8ifQ.PzKS7swGuNH50CCEBqfwQ-ktPSjI5JQ91zeiAgCju6I"}"'
20180731 15:50:44.113 | DEBUG | Started keyword 'when.When user posts request from a invalid url'
20180731 15:50:44.114 | DEBUG | Started keyword 'configuration.Post Request'
20180731 15:50:44.125 | DEBUG | Ended keyword 'configuration.Post Request'
20180731 15:50:44.126 | DEBUG | Started keyword 'BuiltIn.Should Not Be Equal'
20180731 15:50:44.127 | DEBUG | Ended keyword 'BuiltIn.Should Not Be Equal'
20180731 15:50:44.127 | DEBUG | Started keyword 'OperatingSystem.Create File'
20180731 15:50:44.128 | DEBUG | Ended keyword 'OperatingSystem.Create File'
20180731 15:50:44.128 | DEBUG | Ended keyword 'when.When user posts request from a invalid url'
20180731 15:50:44.128 | DEBUG | Started keyword 'then.Then message "Checks the url name is valid" should have been written to log-file'
20180731 15:50:44.129 | DEBUG | Started keyword 'OperatingSystem.Get File'
20180731 15:50:44.130 | DEBUG | Ended keyword 'OperatingSystem.Get File'
20180731 15:50:44.130 | DEBUG | Started keyword 'BuiltIn.Should Contain'
20180731 15:50:44.131 | DEBUG | Ended keyword 'BuiltIn.Should Contain'
20180731 15:50:44.131 | DEBUG | Started keyword 'OperatingSystem.Grep File'
20180731 15:50:44.132 | DEBUG | Ended keyword 'OperatingSystem.Grep File'
20180731 15:50:44.133 | DEBUG | Started keyword 'BuiltIn.Log Many'
20180731 15:50:44.133 | DEBUG | Ended keyword 'BuiltIn.Log Many'
20180731 15:50:44.134 | DEBUG | Ended keyword 'then.Then message "Checks the url name is valid" should have been written to log-file'
20180731 15:50:44.134 | INFO  | Ended test case 'Post request invalid url'
20180731 15:50:44.136 | INFO  | Ended test suite 'Requests'
20180731 15:50:44.139 | INFO  | Output: /home/ralph/environments/RobotFramework/restframework_automation/results/output.xml
20180731 15:50:44.140 | INFO  | Tests execution ended. Statistics:
9 critical tests, 9 passed, 0 failed
9 tests total, 9 passed, 0 failed
20180731 15:50:44.196 | INFO  | Log: /home/ralph/environments/RobotFramework/restframework_automation/results/log.html
20180731 15:50:44.204 | INFO  | Report: /home/ralph/environments/RobotFramework/restframework_automation/results/report.html
